<?xml version="1.0" encoding="UTF-8"?>
<testng-results ignored="0" total="1" passed="1" failed="0" skipped="0">
  <reporter-output>
  </reporter-output>
  <suite started-at="2020-02-18T23:38:38 EST" name="Surefire suite" finished-at="2020-02-18T23:38:54 EST" duration-ms="16315">
    <groups>
    </groups>
    <test started-at="2020-02-18T23:38:38 EST" name="Surefire test" finished-at="2020-02-18T23:38:54 EST" duration-ms="16315">
      <class name="testhomepage.TestHomePage">
        <test-method signature="searchMobile()[pri:0, instance:testhomepage.TestHomePage@6e2c9341]" started-at="2020-02-18T23:38:38 EST" name="searchMobile" finished-at="2020-02-18T23:38:54 EST" duration-ms="16281" status="PASS">
          <reporter-output>
          </reporter-output>
        </test-method> <!-- searchMobile -->
      </class> <!-- testhomepage.TestHomePage -->
    </test> <!-- Surefire test -->
  </suite> <!-- Surefire suite -->
</testng-results>
